<!DOCTYPE html>
<html lang="en">
<head>
    <meta charset="UTF-8">
    <title>nosetests.xml</title>
    <style type="text/css">
        body {
    background-color: white;
    padding-bottom: 20em;
    margin: 0;
    min-height: 15cm;
}

h1, h2, h3, h4, h5, h6, h7 {
    font-family: sans-serif;
}

h1 {
    background-color: #007acc;
    color: white;
    padding: 3mm;
    margin-top: 0;
    margin-bottom: 1mm;
}

.footer {
    font-style: italic;
    font-size: small;
    text-align: right;
    padding: 1em;
}

.testsuite {
    padding-bottom: 2em;
    margin-left: 1em;
}

.proplist {
    width: 100%;
    margin-bottom: 2em;
    border-collapse: collapse;
    border: 1px solid grey;
}

.proplist th {
    background-color: silver;
    width: 5em;
    padding: 2px;
    padding-right: 1em;
    text-align: left;
}

.proplist td {
    padding: 2px;
}

.index-table {
    width: 90%;
    margin-left: 1em;
}

.index-table td {
    vertical-align: top;
    width: 50%;
}

.failure-index {

}

.toc {
    margin-bottom: 2em;
    font-family: monospace;
}

.stdio, pre {
    min-height: 1em;
    background-color: #1e1e1e;
    color: silver;
    padding: 0.5em;
}
.tdpre {
    background-color: #1e1e1e;
}

.test {
    margin-left: 0.5cm;
}

.outcome {
    border-left: 1em;
    padding: 2px;
}

.outcome-failed {
    border-left: 1em solid lightcoral;
}

.stats-table {
}

.stats-table td {
    min-width: 4em;
    text-align: right;
}

.stats-table .failed {
    background-color: lightcoral;
}

.stats-table .passed {
    background-color: lightgreen;
}

.matrix-table {
    table-layout: fixed;
    border-spacing: 0;
    width: available;
    margin-left: 1em;
}

.matrix-table td {
    vertical-align: center;
}

.matrix-table td:last-child {
    width: 0;
}

.matrix-axis-name {
    white-space: nowrap;
    padding-left: 0.5em;
    border-left: 1px solid black;
    border-top: 1px solid black;
}

.matrix-axis-line {
    border-left: 1px solid black;
    width: 0.5em;
}

.matrix-classname {
    text-align: left;
    width: 100%;
    border-top: 2px solid grey;
    border-bottom: 1px solid silver;
}

.matrix-casename {
    text-align: left;
    font-weight: normal;
    font-style: italic;
    padding-left: 1em;
    border-bottom: 1px solid silver;
}

.matrix-result {
    display: block;
    width: 1em;
    text-align: center;
    padding: 1mm;
    margin: 0;
}

.matrix-result-combined {
    white-space: nowrap;
    padding-right: 0.2em;
    text-align: right;
}

.matrix-result-failed {
    background-color: lightcoral;
}

.matrix-result-passed {
    background-color: lightgreen;
}

.matrix-result-skipped {
    background-color: lightyellow;
}
    </style>
</head>
<body>
    
<h1>
    Test Report : nosetests.xml
</h1>
<a id="toc"></a>
<table class="index-table">
    <tr>
        <td>
            <ul class="toc">
            
                
                <li>nose.failure.Failure
                <ul>
                    
                    <li><a href="#9240af35-3120-422c-94aa-68d8830b5220">runTest</a></li>
                    
                    <li><a href="#1fa9bfb0-742d-4780-892b-4c3ed22520c2">runTest</a></li>
                    
                    <li><a href="#fdd49967-90f3-4c95-97b9-c33453f6b8e8">runTest</a></li>
                    
                    <li><a href="#632e1950-0b4f-47b0-8be4-b7962b401596">runTest</a></li>
                    
                    <li><a href="#fe868ad9-f37e-453d-9344-4d0e0b89f306">runTest</a></li>
                    
                    <li><a href="#cc7bb61e-ef75-4059-8519-dac6ad18c775">runTest</a></li>
                    
                    <li><a href="#45040007-e090-4da8-aa13-2d29f06a9922">runTest</a></li>
                    
                    <li><a href="#b6193eee-a956-4659-a037-cc2e1fbe09a4">runTest</a></li>
                    
                    <li><a href="#336ee864-719b-4492-b642-06aa02254998">runTest</a></li>
                    
                    <li><a href="#b21f99c5-1185-4087-a8ae-24e2b3d66eaf">runTest</a></li>
                    
                    <li><a href="#1007dce6-c7e2-41d6-bbd8-6c2f448df394">runTest</a></li>
                    
                    <li><a href="#8aad5c00-6018-4833-9331-88ca218fbd22">runTest</a></li>
                    
                    <li><a href="#b0101315-4026-461e-b307-d379b58ccf45">runTest</a></li>
                    
                    <li><a href="#5dd045c9-9968-423d-9142-ee58b19775ad">runTest</a></li>
                    
                </ul>
                </li>
                
                <li>test_shell.TestShell
                <ul>
                    
                    <li><a href="#21e1a404-5f72-41db-948d-5747f972e1ff">test_execute_simple</a></li>
                    
                    <li><a href="#ea3eaf24-a9d4-4c6a-af63-f7f661c51f34">test_run_app_not_found</a></li>
                    
                    <li><a href="#d9fab7b2-4fad-4fc4-933d-eef8a52bad18">test_run_app_run_error</a></li>
                    
                    <li><a href="#ab0c62d6-3ab8-4e7e-8eb2-46269207c871">test_run_context</a></li>
                    
                    <li><a href="#85a22d38-df45-4e04-b6c0-fa00216c19d7">test_run_syntax_error</a></li>
                    
                </ul>
                </li>
                
            
            </ul>
        </td>
        <td class="failure-index">
            <ul class="toc">
            
                
                    
                    
                    <li><a href="#9240af35-3120-422c-94aa-68d8830b5220">[F] nose.failure.Failure : runTest</a></li>
                    
                    
                    
                    <li><a href="#1fa9bfb0-742d-4780-892b-4c3ed22520c2">[F] nose.failure.Failure : runTest</a></li>
                    
                    
                    
                    <li><a href="#fdd49967-90f3-4c95-97b9-c33453f6b8e8">[F] nose.failure.Failure : runTest</a></li>
                    
                    
                    
                    <li><a href="#632e1950-0b4f-47b0-8be4-b7962b401596">[F] nose.failure.Failure : runTest</a></li>
                    
                    
                    
                    <li><a href="#fe868ad9-f37e-453d-9344-4d0e0b89f306">[F] nose.failure.Failure : runTest</a></li>
                    
                    
                    
                    <li><a href="#cc7bb61e-ef75-4059-8519-dac6ad18c775">[F] nose.failure.Failure : runTest</a></li>
                    
                    
                    
                    <li><a href="#45040007-e090-4da8-aa13-2d29f06a9922">[F] nose.failure.Failure : runTest</a></li>
                    
                    
                    
                    <li><a href="#b6193eee-a956-4659-a037-cc2e1fbe09a4">[F] nose.failure.Failure : runTest</a></li>
                    
                    
                    
                    <li><a href="#336ee864-719b-4492-b642-06aa02254998">[F] nose.failure.Failure : runTest</a></li>
                    
                    
                    
                    <li><a href="#b21f99c5-1185-4087-a8ae-24e2b3d66eaf">[F] nose.failure.Failure : runTest</a></li>
                    
                    
                    
                    <li><a href="#1007dce6-c7e2-41d6-bbd8-6c2f448df394">[F] nose.failure.Failure : runTest</a></li>
                    
                    
                    
                    <li><a href="#8aad5c00-6018-4833-9331-88ca218fbd22">[F] nose.failure.Failure : runTest</a></li>
                    
                    
                    
                    <li><a href="#b0101315-4026-461e-b307-d379b58ccf45">[F] nose.failure.Failure : runTest</a></li>
                    
                    
                    
                    <li><a href="#5dd045c9-9968-423d-9142-ee58b19775ad">[F] nose.failure.Failure : runTest</a></li>
                    
                    
                
                    
                    
                    
                    
                    
                    
                    
                    
                    
                    
                    
                
            
            </ul>
        </td>
    </tr>
</table>


    <div class="testsuite">
        <h2>Test Suite: nosetests</h2>
        <a id="256f2733-fbc2-4343-9d19-d138c3ecf199"></a>
        
        
        <h3>Results</h3>
        <table class="proplist">
            <tr>
                <th>Duration</th><td>0.0 sec</td>
            </tr>
            <tr>
                <th>Tests</th><td>19</td>
            </tr>
            <tr>
                <th>Failures</th><td>14</td>
            </tr>
        </table>

        <div class="testclasses">
            <h3>Tests</h3>
            
            <div class="testclass">
                <h4>nose.failure.Failure</h4>
                <div class="testcases">
                
                    <div class="test outcome outcome-failed">
                        <a id="9240af35-3120-422c-94aa-68d8830b5220"></a>
                        <table class="proplist">
                            <tr><th>Test case:</th><td><b>runTest</b></td></tr>
                            <tr><th>Outcome:</th><td>Failed</td></tr>
                            <tr><th>Duration:</th><td>0.0 sec</td></tr>
                        
                            <tr><th>Failed</th><td>No module named &#39;hypothesis&#39;</td></tr>
                        
                        
                        </table>

                        
                        <pre>Traceback (most recent call last):
  File &#34;/usr/lib64/python3.8/unittest/case.py&#34;, line 60, in testPartExecutor
    yield
  File &#34;/usr/lib64/python3.8/unittest/case.py&#34;, line 676, in run
    self._callTestMethod(testMethod)
  File &#34;/usr/lib64/python3.8/unittest/case.py&#34;, line 633, in _callTestMethod
    method()
  File &#34;/home/mow/.local/lib/python3.8/site-packages/nose/failure.py&#34;, line 39, in runTest
    raise self.exc_val.with_traceback(self.tb)
  File &#34;/home/mow/.local/lib/python3.8/site-packages/nose/loader.py&#34;, line 417, in loadTestsFromName
    module = self.importer.importFromPath(
  File &#34;/home/mow/.local/lib/python3.8/site-packages/nose/importer.py&#34;, line 47, in importFromPath
    return self.importFromDir(dir_path, fqname)
  File &#34;/home/mow/.local/lib/python3.8/site-packages/nose/importer.py&#34;, line 94, in importFromDir
    mod = load_module(part_fqname, fh, filename, desc)
  File &#34;/usr/lib64/python3.8/imp.py&#34;, line 234, in load_module
    return load_source(name, filename, file)
  File &#34;/usr/lib64/python3.8/imp.py&#34;, line 171, in load_source
    module = _load(spec)
  File &#34;&lt;frozen importlib._bootstrap&gt;&#34;, line 702, in _load
  File &#34;&lt;frozen importlib._bootstrap&gt;&#34;, line 671, in _load_unlocked
  File &#34;&lt;frozen importlib._bootstrap_external&gt;&#34;, line 843, in exec_module
  File &#34;&lt;frozen importlib._bootstrap&gt;&#34;, line 219, in _call_with_frames_removed
  File &#34;/home/mow/Documents/code/comp0010-shell-python-p14/test/test_app_factory.py&#34;, line 1, in &lt;module&gt;
    from hypothesis import given, strategies as st
ModuleNotFoundError: No module named &#39;hypothesis&#39;
</pre>
                        
                        

                        
                        
                        
                    </div>
                
                    <div class="test outcome outcome-failed">
                        <a id="1fa9bfb0-742d-4780-892b-4c3ed22520c2"></a>
                        <table class="proplist">
                            <tr><th>Test case:</th><td><b>runTest</b></td></tr>
                            <tr><th>Outcome:</th><td>Failed</td></tr>
                            <tr><th>Duration:</th><td>0.0 sec</td></tr>
                        
                            <tr><th>Failed</th><td>No module named &#39;hypothesis&#39;</td></tr>
                        
                        
                        </table>

                        
                        <pre>Traceback (most recent call last):
  File &#34;/usr/lib64/python3.8/unittest/case.py&#34;, line 60, in testPartExecutor
    yield
  File &#34;/usr/lib64/python3.8/unittest/case.py&#34;, line 676, in run
    self._callTestMethod(testMethod)
  File &#34;/usr/lib64/python3.8/unittest/case.py&#34;, line 633, in _callTestMethod
    method()
  File &#34;/home/mow/.local/lib/python3.8/site-packages/nose/failure.py&#34;, line 39, in runTest
    raise self.exc_val.with_traceback(self.tb)
  File &#34;/home/mow/.local/lib/python3.8/site-packages/nose/loader.py&#34;, line 417, in loadTestsFromName
    module = self.importer.importFromPath(
  File &#34;/home/mow/.local/lib/python3.8/site-packages/nose/importer.py&#34;, line 47, in importFromPath
    return self.importFromDir(dir_path, fqname)
  File &#34;/home/mow/.local/lib/python3.8/site-packages/nose/importer.py&#34;, line 94, in importFromDir
    mod = load_module(part_fqname, fh, filename, desc)
  File &#34;/usr/lib64/python3.8/imp.py&#34;, line 234, in load_module
    return load_source(name, filename, file)
  File &#34;/usr/lib64/python3.8/imp.py&#34;, line 171, in load_source
    module = _load(spec)
  File &#34;&lt;frozen importlib._bootstrap&gt;&#34;, line 702, in _load
  File &#34;&lt;frozen importlib._bootstrap&gt;&#34;, line 671, in _load_unlocked
  File &#34;&lt;frozen importlib._bootstrap_external&gt;&#34;, line 843, in exec_module
  File &#34;&lt;frozen importlib._bootstrap&gt;&#34;, line 219, in _call_with_frames_removed
  File &#34;/home/mow/Documents/code/comp0010-shell-python-p14/test/test_cat.py&#34;, line 2, in &lt;module&gt;
    from hypothesis import given, strategies as st
ModuleNotFoundError: No module named &#39;hypothesis&#39;
</pre>
                        
                        

                        
                        
                        
                    </div>
                
                    <div class="test outcome outcome-failed">
                        <a id="fdd49967-90f3-4c95-97b9-c33453f6b8e8"></a>
                        <table class="proplist">
                            <tr><th>Test case:</th><td><b>runTest</b></td></tr>
                            <tr><th>Outcome:</th><td>Failed</td></tr>
                            <tr><th>Duration:</th><td>0.0 sec</td></tr>
                        
                            <tr><th>Failed</th><td>No module named &#39;hypothesis&#39;</td></tr>
                        
                        
                        </table>

                        
                        <pre>Traceback (most recent call last):
  File &#34;/usr/lib64/python3.8/unittest/case.py&#34;, line 60, in testPartExecutor
    yield
  File &#34;/usr/lib64/python3.8/unittest/case.py&#34;, line 676, in run
    self._callTestMethod(testMethod)
  File &#34;/usr/lib64/python3.8/unittest/case.py&#34;, line 633, in _callTestMethod
    method()
  File &#34;/home/mow/.local/lib/python3.8/site-packages/nose/failure.py&#34;, line 39, in runTest
    raise self.exc_val.with_traceback(self.tb)
  File &#34;/home/mow/.local/lib/python3.8/site-packages/nose/loader.py&#34;, line 417, in loadTestsFromName
    module = self.importer.importFromPath(
  File &#34;/home/mow/.local/lib/python3.8/site-packages/nose/importer.py&#34;, line 47, in importFromPath
    return self.importFromDir(dir_path, fqname)
  File &#34;/home/mow/.local/lib/python3.8/site-packages/nose/importer.py&#34;, line 94, in importFromDir
    mod = load_module(part_fqname, fh, filename, desc)
  File &#34;/usr/lib64/python3.8/imp.py&#34;, line 234, in load_module
    return load_source(name, filename, file)
  File &#34;/usr/lib64/python3.8/imp.py&#34;, line 171, in load_source
    module = _load(spec)
  File &#34;&lt;frozen importlib._bootstrap&gt;&#34;, line 702, in _load
  File &#34;&lt;frozen importlib._bootstrap&gt;&#34;, line 671, in _load_unlocked
  File &#34;&lt;frozen importlib._bootstrap_external&gt;&#34;, line 843, in exec_module
  File &#34;&lt;frozen importlib._bootstrap&gt;&#34;, line 219, in _call_with_frames_removed
  File &#34;/home/mow/Documents/code/comp0010-shell-python-p14/test/test_cd.py&#34;, line 1, in &lt;module&gt;
    from hypothesis import given, strategies as st
ModuleNotFoundError: No module named &#39;hypothesis&#39;
</pre>
                        
                        

                        
                        
                        
                    </div>
                
                    <div class="test outcome outcome-failed">
                        <a id="632e1950-0b4f-47b0-8be4-b7962b401596"></a>
                        <table class="proplist">
                            <tr><th>Test case:</th><td><b>runTest</b></td></tr>
                            <tr><th>Outcome:</th><td>Failed</td></tr>
                            <tr><th>Duration:</th><td>0.0 sec</td></tr>
                        
                            <tr><th>Failed</th><td>No module named &#39;hypothesis&#39;</td></tr>
                        
                        
                        </table>

                        
                        <pre>Traceback (most recent call last):
  File &#34;/usr/lib64/python3.8/unittest/case.py&#34;, line 60, in testPartExecutor
    yield
  File &#34;/usr/lib64/python3.8/unittest/case.py&#34;, line 676, in run
    self._callTestMethod(testMethod)
  File &#34;/usr/lib64/python3.8/unittest/case.py&#34;, line 633, in _callTestMethod
    method()
  File &#34;/home/mow/.local/lib/python3.8/site-packages/nose/failure.py&#34;, line 39, in runTest
    raise self.exc_val.with_traceback(self.tb)
  File &#34;/home/mow/.local/lib/python3.8/site-packages/nose/loader.py&#34;, line 417, in loadTestsFromName
    module = self.importer.importFromPath(
  File &#34;/home/mow/.local/lib/python3.8/site-packages/nose/importer.py&#34;, line 47, in importFromPath
    return self.importFromDir(dir_path, fqname)
  File &#34;/home/mow/.local/lib/python3.8/site-packages/nose/importer.py&#34;, line 94, in importFromDir
    mod = load_module(part_fqname, fh, filename, desc)
  File &#34;/usr/lib64/python3.8/imp.py&#34;, line 234, in load_module
    return load_source(name, filename, file)
  File &#34;/usr/lib64/python3.8/imp.py&#34;, line 171, in load_source
    module = _load(spec)
  File &#34;&lt;frozen importlib._bootstrap&gt;&#34;, line 702, in _load
  File &#34;&lt;frozen importlib._bootstrap&gt;&#34;, line 671, in _load_unlocked
  File &#34;&lt;frozen importlib._bootstrap_external&gt;&#34;, line 843, in exec_module
  File &#34;&lt;frozen importlib._bootstrap&gt;&#34;, line 219, in _call_with_frames_removed
  File &#34;/home/mow/Documents/code/comp0010-shell-python-p14/test/test_cut.py&#34;, line 1, in &lt;module&gt;
    from hypothesis import given, strategies as st
ModuleNotFoundError: No module named &#39;hypothesis&#39;
</pre>
                        
                        

                        
                        
                        
                    </div>
                
                    <div class="test outcome outcome-failed">
                        <a id="fe868ad9-f37e-453d-9344-4d0e0b89f306"></a>
                        <table class="proplist">
                            <tr><th>Test case:</th><td><b>runTest</b></td></tr>
                            <tr><th>Outcome:</th><td>Failed</td></tr>
                            <tr><th>Duration:</th><td>0.0 sec</td></tr>
                        
                            <tr><th>Failed</th><td>No module named &#39;hypothesis&#39;</td></tr>
                        
                        
                        </table>

                        
                        <pre>Traceback (most recent call last):
  File &#34;/usr/lib64/python3.8/unittest/case.py&#34;, line 60, in testPartExecutor
    yield
  File &#34;/usr/lib64/python3.8/unittest/case.py&#34;, line 676, in run
    self._callTestMethod(testMethod)
  File &#34;/usr/lib64/python3.8/unittest/case.py&#34;, line 633, in _callTestMethod
    method()
  File &#34;/home/mow/.local/lib/python3.8/site-packages/nose/failure.py&#34;, line 39, in runTest
    raise self.exc_val.with_traceback(self.tb)
  File &#34;/home/mow/.local/lib/python3.8/site-packages/nose/loader.py&#34;, line 417, in loadTestsFromName
    module = self.importer.importFromPath(
  File &#34;/home/mow/.local/lib/python3.8/site-packages/nose/importer.py&#34;, line 47, in importFromPath
    return self.importFromDir(dir_path, fqname)
  File &#34;/home/mow/.local/lib/python3.8/site-packages/nose/importer.py&#34;, line 94, in importFromDir
    mod = load_module(part_fqname, fh, filename, desc)
  File &#34;/usr/lib64/python3.8/imp.py&#34;, line 234, in load_module
    return load_source(name, filename, file)
  File &#34;/usr/lib64/python3.8/imp.py&#34;, line 171, in load_source
    module = _load(spec)
  File &#34;&lt;frozen importlib._bootstrap&gt;&#34;, line 702, in _load
  File &#34;&lt;frozen importlib._bootstrap&gt;&#34;, line 671, in _load_unlocked
  File &#34;&lt;frozen importlib._bootstrap_external&gt;&#34;, line 843, in exec_module
  File &#34;&lt;frozen importlib._bootstrap&gt;&#34;, line 219, in _call_with_frames_removed
  File &#34;/home/mow/Documents/code/comp0010-shell-python-p14/test/test_echo.py&#34;, line 1, in &lt;module&gt;
    from hypothesis import given, strategies as st
ModuleNotFoundError: No module named &#39;hypothesis&#39;
</pre>
                        
                        

                        
                        
                        
                    </div>
                
                    <div class="test outcome outcome-failed">
                        <a id="cc7bb61e-ef75-4059-8519-dac6ad18c775"></a>
                        <table class="proplist">
                            <tr><th>Test case:</th><td><b>runTest</b></td></tr>
                            <tr><th>Outcome:</th><td>Failed</td></tr>
                            <tr><th>Duration:</th><td>0.0 sec</td></tr>
                        
                            <tr><th>Failed</th><td>No module named &#39;hypothesis&#39;</td></tr>
                        
                        
                        </table>

                        
                        <pre>Traceback (most recent call last):
  File &#34;/usr/lib64/python3.8/unittest/case.py&#34;, line 60, in testPartExecutor
    yield
  File &#34;/usr/lib64/python3.8/unittest/case.py&#34;, line 676, in run
    self._callTestMethod(testMethod)
  File &#34;/usr/lib64/python3.8/unittest/case.py&#34;, line 633, in _callTestMethod
    method()
  File &#34;/home/mow/.local/lib/python3.8/site-packages/nose/failure.py&#34;, line 39, in runTest
    raise self.exc_val.with_traceback(self.tb)
  File &#34;/home/mow/.local/lib/python3.8/site-packages/nose/loader.py&#34;, line 417, in loadTestsFromName
    module = self.importer.importFromPath(
  File &#34;/home/mow/.local/lib/python3.8/site-packages/nose/importer.py&#34;, line 47, in importFromPath
    return self.importFromDir(dir_path, fqname)
  File &#34;/home/mow/.local/lib/python3.8/site-packages/nose/importer.py&#34;, line 94, in importFromDir
    mod = load_module(part_fqname, fh, filename, desc)
  File &#34;/usr/lib64/python3.8/imp.py&#34;, line 234, in load_module
    return load_source(name, filename, file)
  File &#34;/usr/lib64/python3.8/imp.py&#34;, line 171, in load_source
    module = _load(spec)
  File &#34;&lt;frozen importlib._bootstrap&gt;&#34;, line 702, in _load
  File &#34;&lt;frozen importlib._bootstrap&gt;&#34;, line 671, in _load_unlocked
  File &#34;&lt;frozen importlib._bootstrap_external&gt;&#34;, line 843, in exec_module
  File &#34;&lt;frozen importlib._bootstrap&gt;&#34;, line 219, in _call_with_frames_removed
  File &#34;/home/mow/Documents/code/comp0010-shell-python-p14/test/test_find.py&#34;, line 1, in &lt;module&gt;
    from hypothesis import given, strategies as st
ModuleNotFoundError: No module named &#39;hypothesis&#39;
</pre>
                        
                        

                        
                        
                        
                    </div>
                
                    <div class="test outcome outcome-failed">
                        <a id="45040007-e090-4da8-aa13-2d29f06a9922"></a>
                        <table class="proplist">
                            <tr><th>Test case:</th><td><b>runTest</b></td></tr>
                            <tr><th>Outcome:</th><td>Failed</td></tr>
                            <tr><th>Duration:</th><td>0.0 sec</td></tr>
                        
                            <tr><th>Failed</th><td>No module named &#39;hypothesis&#39;</td></tr>
                        
                        
                        </table>

                        
                        <pre>Traceback (most recent call last):
  File &#34;/usr/lib64/python3.8/unittest/case.py&#34;, line 60, in testPartExecutor
    yield
  File &#34;/usr/lib64/python3.8/unittest/case.py&#34;, line 676, in run
    self._callTestMethod(testMethod)
  File &#34;/usr/lib64/python3.8/unittest/case.py&#34;, line 633, in _callTestMethod
    method()
  File &#34;/home/mow/.local/lib/python3.8/site-packages/nose/failure.py&#34;, line 39, in runTest
    raise self.exc_val.with_traceback(self.tb)
  File &#34;/home/mow/.local/lib/python3.8/site-packages/nose/loader.py&#34;, line 417, in loadTestsFromName
    module = self.importer.importFromPath(
  File &#34;/home/mow/.local/lib/python3.8/site-packages/nose/importer.py&#34;, line 47, in importFromPath
    return self.importFromDir(dir_path, fqname)
  File &#34;/home/mow/.local/lib/python3.8/site-packages/nose/importer.py&#34;, line 94, in importFromDir
    mod = load_module(part_fqname, fh, filename, desc)
  File &#34;/usr/lib64/python3.8/imp.py&#34;, line 234, in load_module
    return load_source(name, filename, file)
  File &#34;/usr/lib64/python3.8/imp.py&#34;, line 171, in load_source
    module = _load(spec)
  File &#34;&lt;frozen importlib._bootstrap&gt;&#34;, line 702, in _load
  File &#34;&lt;frozen importlib._bootstrap&gt;&#34;, line 671, in _load_unlocked
  File &#34;&lt;frozen importlib._bootstrap_external&gt;&#34;, line 843, in exec_module
  File &#34;&lt;frozen importlib._bootstrap&gt;&#34;, line 219, in _call_with_frames_removed
  File &#34;/home/mow/Documents/code/comp0010-shell-python-p14/test/test_grep.py&#34;, line 1, in &lt;module&gt;
    from hypothesis import given, strategies as st
ModuleNotFoundError: No module named &#39;hypothesis&#39;
</pre>
                        
                        

                        
                        
                        
                    </div>
                
                    <div class="test outcome outcome-failed">
                        <a id="b6193eee-a956-4659-a037-cc2e1fbe09a4"></a>
                        <table class="proplist">
                            <tr><th>Test case:</th><td><b>runTest</b></td></tr>
                            <tr><th>Outcome:</th><td>Failed</td></tr>
                            <tr><th>Duration:</th><td>0.0 sec</td></tr>
                        
                            <tr><th>Failed</th><td>No module named &#39;hypothesis&#39;</td></tr>
                        
                        
                        </table>

                        
                        <pre>Traceback (most recent call last):
  File &#34;/usr/lib64/python3.8/unittest/case.py&#34;, line 60, in testPartExecutor
    yield
  File &#34;/usr/lib64/python3.8/unittest/case.py&#34;, line 676, in run
    self._callTestMethod(testMethod)
  File &#34;/usr/lib64/python3.8/unittest/case.py&#34;, line 633, in _callTestMethod
    method()
  File &#34;/home/mow/.local/lib/python3.8/site-packages/nose/failure.py&#34;, line 39, in runTest
    raise self.exc_val.with_traceback(self.tb)
  File &#34;/home/mow/.local/lib/python3.8/site-packages/nose/loader.py&#34;, line 417, in loadTestsFromName
    module = self.importer.importFromPath(
  File &#34;/home/mow/.local/lib/python3.8/site-packages/nose/importer.py&#34;, line 47, in importFromPath
    return self.importFromDir(dir_path, fqname)
  File &#34;/home/mow/.local/lib/python3.8/site-packages/nose/importer.py&#34;, line 94, in importFromDir
    mod = load_module(part_fqname, fh, filename, desc)
  File &#34;/usr/lib64/python3.8/imp.py&#34;, line 234, in load_module
    return load_source(name, filename, file)
  File &#34;/usr/lib64/python3.8/imp.py&#34;, line 171, in load_source
    module = _load(spec)
  File &#34;&lt;frozen importlib._bootstrap&gt;&#34;, line 702, in _load
  File &#34;&lt;frozen importlib._bootstrap&gt;&#34;, line 671, in _load_unlocked
  File &#34;&lt;frozen importlib._bootstrap_external&gt;&#34;, line 843, in exec_module
  File &#34;&lt;frozen importlib._bootstrap&gt;&#34;, line 219, in _call_with_frames_removed
  File &#34;/home/mow/Documents/code/comp0010-shell-python-p14/test/test_head.py&#34;, line 1, in &lt;module&gt;
    from hypothesis import given, strategies as st
ModuleNotFoundError: No module named &#39;hypothesis&#39;
</pre>
                        
                        

                        
                        
                        
                    </div>
                
                    <div class="test outcome outcome-failed">
                        <a id="336ee864-719b-4492-b642-06aa02254998"></a>
                        <table class="proplist">
                            <tr><th>Test case:</th><td><b>runTest</b></td></tr>
                            <tr><th>Outcome:</th><td>Failed</td></tr>
                            <tr><th>Duration:</th><td>0.0 sec</td></tr>
                        
                            <tr><th>Failed</th><td>No module named &#39;hypothesis&#39;</td></tr>
                        
                        
                        </table>

                        
                        <pre>Traceback (most recent call last):
  File &#34;/usr/lib64/python3.8/unittest/case.py&#34;, line 60, in testPartExecutor
    yield
  File &#34;/usr/lib64/python3.8/unittest/case.py&#34;, line 676, in run
    self._callTestMethod(testMethod)
  File &#34;/usr/lib64/python3.8/unittest/case.py&#34;, line 633, in _callTestMethod
    method()
  File &#34;/home/mow/.local/lib/python3.8/site-packages/nose/failure.py&#34;, line 39, in runTest
    raise self.exc_val.with_traceback(self.tb)
  File &#34;/home/mow/.local/lib/python3.8/site-packages/nose/loader.py&#34;, line 417, in loadTestsFromName
    module = self.importer.importFromPath(
  File &#34;/home/mow/.local/lib/python3.8/site-packages/nose/importer.py&#34;, line 47, in importFromPath
    return self.importFromDir(dir_path, fqname)
  File &#34;/home/mow/.local/lib/python3.8/site-packages/nose/importer.py&#34;, line 94, in importFromDir
    mod = load_module(part_fqname, fh, filename, desc)
  File &#34;/usr/lib64/python3.8/imp.py&#34;, line 234, in load_module
    return load_source(name, filename, file)
  File &#34;/usr/lib64/python3.8/imp.py&#34;, line 171, in load_source
    module = _load(spec)
  File &#34;&lt;frozen importlib._bootstrap&gt;&#34;, line 702, in _load
  File &#34;&lt;frozen importlib._bootstrap&gt;&#34;, line 671, in _load_unlocked
  File &#34;&lt;frozen importlib._bootstrap_external&gt;&#34;, line 843, in exec_module
  File &#34;&lt;frozen importlib._bootstrap&gt;&#34;, line 219, in _call_with_frames_removed
  File &#34;/home/mow/Documents/code/comp0010-shell-python-p14/test/test_ls.py&#34;, line 1, in &lt;module&gt;
    from hypothesis import given, strategies as st
ModuleNotFoundError: No module named &#39;hypothesis&#39;
</pre>
                        
                        

                        
                        
                        
                    </div>
                
                    <div class="test outcome outcome-failed">
                        <a id="b21f99c5-1185-4087-a8ae-24e2b3d66eaf"></a>
                        <table class="proplist">
                            <tr><th>Test case:</th><td><b>runTest</b></td></tr>
                            <tr><th>Outcome:</th><td>Failed</td></tr>
                            <tr><th>Duration:</th><td>0.0 sec</td></tr>
                        
                            <tr><th>Failed</th><td>No module named &#39;hypothesis&#39;</td></tr>
                        
                        
                        </table>

                        
                        <pre>Traceback (most recent call last):
  File &#34;/usr/lib64/python3.8/unittest/case.py&#34;, line 60, in testPartExecutor
    yield
  File &#34;/usr/lib64/python3.8/unittest/case.py&#34;, line 676, in run
    self._callTestMethod(testMethod)
  File &#34;/usr/lib64/python3.8/unittest/case.py&#34;, line 633, in _callTestMethod
    method()
  File &#34;/home/mow/.local/lib/python3.8/site-packages/nose/failure.py&#34;, line 39, in runTest
    raise self.exc_val.with_traceback(self.tb)
  File &#34;/home/mow/.local/lib/python3.8/site-packages/nose/loader.py&#34;, line 417, in loadTestsFromName
    module = self.importer.importFromPath(
  File &#34;/home/mow/.local/lib/python3.8/site-packages/nose/importer.py&#34;, line 47, in importFromPath
    return self.importFromDir(dir_path, fqname)
  File &#34;/home/mow/.local/lib/python3.8/site-packages/nose/importer.py&#34;, line 94, in importFromDir
    mod = load_module(part_fqname, fh, filename, desc)
  File &#34;/usr/lib64/python3.8/imp.py&#34;, line 234, in load_module
    return load_source(name, filename, file)
  File &#34;/usr/lib64/python3.8/imp.py&#34;, line 171, in load_source
    module = _load(spec)
  File &#34;&lt;frozen importlib._bootstrap&gt;&#34;, line 702, in _load
  File &#34;&lt;frozen importlib._bootstrap&gt;&#34;, line 671, in _load_unlocked
  File &#34;&lt;frozen importlib._bootstrap_external&gt;&#34;, line 843, in exec_module
  File &#34;&lt;frozen importlib._bootstrap&gt;&#34;, line 219, in _call_with_frames_removed
  File &#34;/home/mow/Documents/code/comp0010-shell-python-p14/test/test_pwd.py&#34;, line 1, in &lt;module&gt;
    from hypothesis import given, strategies as st
ModuleNotFoundError: No module named &#39;hypothesis&#39;
</pre>
                        
                        

                        
                        
                        
                    </div>
                
                    <div class="test outcome outcome-failed">
                        <a id="1007dce6-c7e2-41d6-bbd8-6c2f448df394"></a>
                        <table class="proplist">
                            <tr><th>Test case:</th><td><b>runTest</b></td></tr>
                            <tr><th>Outcome:</th><td>Failed</td></tr>
                            <tr><th>Duration:</th><td>0.0 sec</td></tr>
                        
                            <tr><th>Failed</th><td>No module named &#39;hypothesis&#39;</td></tr>
                        
                        
                        </table>

                        
                        <pre>Traceback (most recent call last):
  File &#34;/usr/lib64/python3.8/unittest/case.py&#34;, line 60, in testPartExecutor
    yield
  File &#34;/usr/lib64/python3.8/unittest/case.py&#34;, line 676, in run
    self._callTestMethod(testMethod)
  File &#34;/usr/lib64/python3.8/unittest/case.py&#34;, line 633, in _callTestMethod
    method()
  File &#34;/home/mow/.local/lib/python3.8/site-packages/nose/failure.py&#34;, line 39, in runTest
    raise self.exc_val.with_traceback(self.tb)
  File &#34;/home/mow/.local/lib/python3.8/site-packages/nose/loader.py&#34;, line 417, in loadTestsFromName
    module = self.importer.importFromPath(
  File &#34;/home/mow/.local/lib/python3.8/site-packages/nose/importer.py&#34;, line 47, in importFromPath
    return self.importFromDir(dir_path, fqname)
  File &#34;/home/mow/.local/lib/python3.8/site-packages/nose/importer.py&#34;, line 94, in importFromDir
    mod = load_module(part_fqname, fh, filename, desc)
  File &#34;/usr/lib64/python3.8/imp.py&#34;, line 234, in load_module
    return load_source(name, filename, file)
  File &#34;/usr/lib64/python3.8/imp.py&#34;, line 171, in load_source
    module = _load(spec)
  File &#34;&lt;frozen importlib._bootstrap&gt;&#34;, line 702, in _load
  File &#34;&lt;frozen importlib._bootstrap&gt;&#34;, line 671, in _load_unlocked
  File &#34;&lt;frozen importlib._bootstrap_external&gt;&#34;, line 843, in exec_module
  File &#34;&lt;frozen importlib._bootstrap&gt;&#34;, line 219, in _call_with_frames_removed
  File &#34;/home/mow/Documents/code/comp0010-shell-python-p14/test/test_sort.py&#34;, line 1, in &lt;module&gt;
    from hypothesis import given, strategies as st
ModuleNotFoundError: No module named &#39;hypothesis&#39;
</pre>
                        
                        

                        
                        
                        
                    </div>
                
                    <div class="test outcome outcome-failed">
                        <a id="8aad5c00-6018-4833-9331-88ca218fbd22"></a>
                        <table class="proplist">
                            <tr><th>Test case:</th><td><b>runTest</b></td></tr>
                            <tr><th>Outcome:</th><td>Failed</td></tr>
                            <tr><th>Duration:</th><td>0.0 sec</td></tr>
                        
                            <tr><th>Failed</th><td>No module named &#39;hypothesis&#39;</td></tr>
                        
                        
                        </table>

                        
                        <pre>Traceback (most recent call last):
  File &#34;/usr/lib64/python3.8/unittest/case.py&#34;, line 60, in testPartExecutor
    yield
  File &#34;/usr/lib64/python3.8/unittest/case.py&#34;, line 676, in run
    self._callTestMethod(testMethod)
  File &#34;/usr/lib64/python3.8/unittest/case.py&#34;, line 633, in _callTestMethod
    method()
  File &#34;/home/mow/.local/lib/python3.8/site-packages/nose/failure.py&#34;, line 39, in runTest
    raise self.exc_val.with_traceback(self.tb)
  File &#34;/home/mow/.local/lib/python3.8/site-packages/nose/loader.py&#34;, line 417, in loadTestsFromName
    module = self.importer.importFromPath(
  File &#34;/home/mow/.local/lib/python3.8/site-packages/nose/importer.py&#34;, line 47, in importFromPath
    return self.importFromDir(dir_path, fqname)
  File &#34;/home/mow/.local/lib/python3.8/site-packages/nose/importer.py&#34;, line 94, in importFromDir
    mod = load_module(part_fqname, fh, filename, desc)
  File &#34;/usr/lib64/python3.8/imp.py&#34;, line 234, in load_module
    return load_source(name, filename, file)
  File &#34;/usr/lib64/python3.8/imp.py&#34;, line 171, in load_source
    module = _load(spec)
  File &#34;&lt;frozen importlib._bootstrap&gt;&#34;, line 702, in _load
  File &#34;&lt;frozen importlib._bootstrap&gt;&#34;, line 671, in _load_unlocked
  File &#34;&lt;frozen importlib._bootstrap_external&gt;&#34;, line 843, in exec_module
  File &#34;&lt;frozen importlib._bootstrap&gt;&#34;, line 219, in _call_with_frames_removed
  File &#34;/home/mow/Documents/code/comp0010-shell-python-p14/test/test_tail.py&#34;, line 1, in &lt;module&gt;
    from hypothesis import given, strategies as st
ModuleNotFoundError: No module named &#39;hypothesis&#39;
</pre>
                        
                        

                        
                        
                        
                    </div>
                
                    <div class="test outcome outcome-failed">
                        <a id="b0101315-4026-461e-b307-d379b58ccf45"></a>
                        <table class="proplist">
                            <tr><th>Test case:</th><td><b>runTest</b></td></tr>
                            <tr><th>Outcome:</th><td>Failed</td></tr>
                            <tr><th>Duration:</th><td>0.0 sec</td></tr>
                        
                            <tr><th>Failed</th><td>No module named &#39;hypothesis&#39;</td></tr>
                        
                        
                        </table>

                        
                        <pre>Traceback (most recent call last):
  File &#34;/usr/lib64/python3.8/unittest/case.py&#34;, line 60, in testPartExecutor
    yield
  File &#34;/usr/lib64/python3.8/unittest/case.py&#34;, line 676, in run
    self._callTestMethod(testMethod)
  File &#34;/usr/lib64/python3.8/unittest/case.py&#34;, line 633, in _callTestMethod
    method()
  File &#34;/home/mow/.local/lib/python3.8/site-packages/nose/failure.py&#34;, line 39, in runTest
    raise self.exc_val.with_traceback(self.tb)
  File &#34;/home/mow/.local/lib/python3.8/site-packages/nose/loader.py&#34;, line 417, in loadTestsFromName
    module = self.importer.importFromPath(
  File &#34;/home/mow/.local/lib/python3.8/site-packages/nose/importer.py&#34;, line 47, in importFromPath
    return self.importFromDir(dir_path, fqname)
  File &#34;/home/mow/.local/lib/python3.8/site-packages/nose/importer.py&#34;, line 94, in importFromDir
    mod = load_module(part_fqname, fh, filename, desc)
  File &#34;/usr/lib64/python3.8/imp.py&#34;, line 234, in load_module
    return load_source(name, filename, file)
  File &#34;/usr/lib64/python3.8/imp.py&#34;, line 171, in load_source
    module = _load(spec)
  File &#34;&lt;frozen importlib._bootstrap&gt;&#34;, line 702, in _load
  File &#34;&lt;frozen importlib._bootstrap&gt;&#34;, line 671, in _load_unlocked
  File &#34;&lt;frozen importlib._bootstrap_external&gt;&#34;, line 843, in exec_module
  File &#34;&lt;frozen importlib._bootstrap&gt;&#34;, line 219, in _call_with_frames_removed
  File &#34;/home/mow/Documents/code/comp0010-shell-python-p14/test/test_uniq.py&#34;, line 1, in &lt;module&gt;
    from hypothesis import given, strategies as st
ModuleNotFoundError: No module named &#39;hypothesis&#39;
</pre>
                        
                        

                        
                        
                        
                    </div>
                
                    <div class="test outcome outcome-failed">
                        <a id="5dd045c9-9968-423d-9142-ee58b19775ad"></a>
                        <table class="proplist">
                            <tr><th>Test case:</th><td><b>runTest</b></td></tr>
                            <tr><th>Outcome:</th><td>Failed</td></tr>
                            <tr><th>Duration:</th><td>0.0 sec</td></tr>
                        
                            <tr><th>Failed</th><td>No module named &#39;hypothesis&#39;</td></tr>
                        
                        
                        </table>

                        
                        <pre>Traceback (most recent call last):
  File &#34;/usr/lib64/python3.8/unittest/case.py&#34;, line 60, in testPartExecutor
    yield
  File &#34;/usr/lib64/python3.8/unittest/case.py&#34;, line 676, in run
    self._callTestMethod(testMethod)
  File &#34;/usr/lib64/python3.8/unittest/case.py&#34;, line 633, in _callTestMethod
    method()
  File &#34;/home/mow/.local/lib/python3.8/site-packages/nose/failure.py&#34;, line 39, in runTest
    raise self.exc_val.with_traceback(self.tb)
  File &#34;/home/mow/.local/lib/python3.8/site-packages/nose/loader.py&#34;, line 417, in loadTestsFromName
    module = self.importer.importFromPath(
  File &#34;/home/mow/.local/lib/python3.8/site-packages/nose/importer.py&#34;, line 47, in importFromPath
    return self.importFromDir(dir_path, fqname)
  File &#34;/home/mow/.local/lib/python3.8/site-packages/nose/importer.py&#34;, line 94, in importFromDir
    mod = load_module(part_fqname, fh, filename, desc)
  File &#34;/usr/lib64/python3.8/imp.py&#34;, line 234, in load_module
    return load_source(name, filename, file)
  File &#34;/usr/lib64/python3.8/imp.py&#34;, line 171, in load_source
    module = _load(spec)
  File &#34;&lt;frozen importlib._bootstrap&gt;&#34;, line 702, in _load
  File &#34;&lt;frozen importlib._bootstrap&gt;&#34;, line 671, in _load_unlocked
  File &#34;&lt;frozen importlib._bootstrap_external&gt;&#34;, line 843, in exec_module
  File &#34;&lt;frozen importlib._bootstrap&gt;&#34;, line 219, in _call_with_frames_removed
  File &#34;/home/mow/Documents/code/comp0010-shell-python-p14/test/test_unsafe.py&#34;, line 1, in &lt;module&gt;
    from hypothesis import given, strategies as st
ModuleNotFoundError: No module named &#39;hypothesis&#39;
</pre>
                        
                        

                        
                        
                        
                    </div>
                
                </div>
            </div>
            
            <div class="testclass">
                <h4>test_shell.TestShell</h4>
                <div class="testcases">
                
                    <div class="test outcome outcome-passed">
                        <a id="21e1a404-5f72-41db-948d-5747f972e1ff"></a>
                        <table class="proplist">
                            <tr><th>Test case:</th><td><b>test_execute_simple</b></td></tr>
                            <tr><th>Outcome:</th><td>Passed</td></tr>
                            <tr><th>Duration:</th><td>0.0 sec</td></tr>
                        
                            <tr><th>Failed</th><td>None</td></tr>
                        
                        
                        </table>

                        
                        <pre>None</pre>
                        
                        

                        
                        
                        
                    </div>
                
                    <div class="test outcome outcome-passed">
                        <a id="ea3eaf24-a9d4-4c6a-af63-f7f661c51f34"></a>
                        <table class="proplist">
                            <tr><th>Test case:</th><td><b>test_run_app_not_found</b></td></tr>
                            <tr><th>Outcome:</th><td>Passed</td></tr>
                            <tr><th>Duration:</th><td>0.0 sec</td></tr>
                        
                            <tr><th>Failed</th><td>None</td></tr>
                        
                        
                        </table>

                        
                        <pre>None</pre>
                        
                        

                        
                        
                        
                    </div>
                
                    <div class="test outcome outcome-passed">
                        <a id="d9fab7b2-4fad-4fc4-933d-eef8a52bad18"></a>
                        <table class="proplist">
                            <tr><th>Test case:</th><td><b>test_run_app_run_error</b></td></tr>
                            <tr><th>Outcome:</th><td>Passed</td></tr>
                            <tr><th>Duration:</th><td>0.0 sec</td></tr>
                        
                            <tr><th>Failed</th><td>None</td></tr>
                        
                        
                        </table>

                        
                        <pre>None</pre>
                        
                        

                        
                        
                        
                    </div>
                
                    <div class="test outcome outcome-passed">
                        <a id="ab0c62d6-3ab8-4e7e-8eb2-46269207c871"></a>
                        <table class="proplist">
                            <tr><th>Test case:</th><td><b>test_run_context</b></td></tr>
                            <tr><th>Outcome:</th><td>Passed</td></tr>
                            <tr><th>Duration:</th><td>0.0 sec</td></tr>
                        
                            <tr><th>Failed</th><td>None</td></tr>
                        
                        
                        </table>

                        
                        <pre>None</pre>
                        
                        

                        
                        
                        
                    </div>
                
                    <div class="test outcome outcome-passed">
                        <a id="85a22d38-df45-4e04-b6c0-fa00216c19d7"></a>
                        <table class="proplist">
                            <tr><th>Test case:</th><td><b>test_run_syntax_error</b></td></tr>
                            <tr><th>Outcome:</th><td>Passed</td></tr>
                            <tr><th>Duration:</th><td>0.0 sec</td></tr>
                        
                            <tr><th>Failed</th><td>None</td></tr>
                        
                        
                        </table>

                        
                        <pre>None</pre>
                        
                        

                        
                        
                        
                    </div>
                
                </div>
            </div>
            
        </div>
    </div>
    



<p class="footer">
    Generated by junit2html
</p>
</body>
</html>